#
# There is insufficient memory for the Java Runtime Environment to continue.
# Native memory allocation (malloc) failed to allocate 234448 bytes for Chunk::new
# Possible reasons:
#   The system is out of physical RAM or swap space
#   In 32 bit mode, the process size limit was hit
# Possible solutions:
#   Reduce memory load on the system
#   Increase physical memory or swap space
#   Check if swap backing store is full
#   Use 64 bit Java on a 64 bit OS
#   Decrease Java heap size (-Xmx/-Xms)
#   Decrease number of Java threads
#   Decrease Java thread stack sizes (-Xss)
#   Set larger code cache with -XX:ReservedCodeCacheSize=
# This output file may be truncated or incomplete.
#
#  Out of Memory Error (allocation.cpp:390), pid=6912, tid=3856
#
# JRE version: Java(TM) SE Runtime Environment (8.0_73-b02) (build 1.8.0_73-b02)
# Java VM: Java HotSpot(TM) 64-Bit Server VM (25.73-b02 mixed mode windows-amd64 compressed oops)
# Failed to write core dump. Minidumps are not enabled by default on client versions of Windows
#

---------------  T H R E A D  ---------------

Current thread (0x000000000e6ed800):  JavaThread "C2 CompilerThread1" daemon [_thread_in_native, id=3856, stack(0x000000000f010000,0x000000000f110000)]

Stack: [0x000000000f010000,0x000000000f110000]
[error occurred during error reporting (printing stack bounds), id 0xc0000005]

Native frames: (J=compiled Java code, j=interpreted, Vv=VM code, C=native code)


Current CompileTask:
C2:  28729 2833       4       com.android.dx.dex.cf.AttributeTranslator::getMethodAnnotations (37 bytes)


---------------  P R O C E S S  ---------------

Java Threads: ( => current thread )
  0x000000000fbe7000 JavaThread "pool-2-thread-4" [_thread_blocked, id=10788, stack(0x000000000ec70000,0x000000000ed70000)]
  0x000000000fbe6000 JavaThread "pool-2-thread-3" [_thread_blocked, id=9464, stack(0x00000000202d0000,0x00000000203d0000)]
  0x000000000fbe3000 JavaThread "pool-2-thread-2" [_thread_blocked, id=10816, stack(0x00000000200c0000,0x00000000201c0000)]
  0x000000000f710000 JavaThread "pool-3-thread-1" [_thread_blocked, id=7956, stack(0x000000000fe10000,0x000000000ff10000)]
  0x000000000f712000 JavaThread "pool-2-thread-1" [_thread_blocked, id=8060, stack(0x000000000ef00000,0x000000000f000000)]
  0x000000000e77d000 JavaThread "Service Thread" daemon [_thread_blocked, id=12024, stack(0x000000000f360000,0x000000000f460000)]
  0x000000000e6ee800 JavaThread "C1 CompilerThread2" daemon [_thread_blocked, id=11608, stack(0x000000000f1e0000,0x000000000f2e0000)]
=>0x000000000e6ed800 JavaThread "C2 CompilerThread1" daemon [_thread_in_native, id=3856, stack(0x000000000f010000,0x000000000f110000)]
  0x000000000e6e4000 JavaThread "C2 CompilerThread0" daemon [_thread_blocked, id=11152, stack(0x000000000edc0000,0x000000000eec0000)]
  0x000000000e6db800 JavaThread "Attach Listener" daemon [_thread_blocked, id=11532, stack(0x000000000eb70000,0x000000000ec70000)]
  0x000000000d352800 JavaThread "Signal Dispatcher" daemon [_thread_blocked, id=1372, stack(0x000000000e480000,0x000000000e580000)]
  0x000000000d2fa000 JavaThread "Finalizer" daemon [_thread_blocked, id=12220, stack(0x000000000e5d0000,0x000000000e6d0000)]
  0x000000000d2f3000 JavaThread "Reference Handler" daemon [_thread_blocked, id=4640, stack(0x000000000e300000,0x000000000e400000)]
  0x000000000262e000 JavaThread "main" [_thread_blocked, id=8184, stack(0x00000000027b0000,0x00000000028b0000)]

Other Threads:
  0x000000000d2ed800 VMThread [stack: 0x000000000e140000,0x000000000e240000] [id=3128]
  0x000000000e7a1800 WatcherThread [stack: 0x000000000f4b0000,0x000000000f5b0000] [id=12280]

VM state:not at safepoint (normal execution)

VM Mutex/Monitor currently owned by a thread: None

Heap:
 PSYoungGen      total 162304K, used 14449K [0x000000076ab00000, 0x000000077b180000, 0x00000007c0000000)
  eden space 138240K, 2% used [0x000000076ab00000,0x000000076ae2e8a8,0x0000000773200000)
  from space 24064K, 46% used [0x0000000775b80000,0x000000077666ddb0,0x0000000777300000)
  to   space 42496K, 0% used [0x0000000773200000,0x0000000773200000,0x0000000775b80000)
 ParOldGen       total 224256K, used 224092K [0x00000006c0000000, 0x00000006cdb00000, 0x000000076ab00000)
  object space 224256K, 99% used [0x00000006c0000000,0x00000006cdad72b8,0x00000006cdb00000)
 Metaspace       used 6604K, capacity 7256K, committed 7424K, reserved 1056768K
  class space    used 623K, capacity 656K, committed 768K, reserved 1048576K

Card table byte_map: [0x0000000002c70000,0x0000000003480000] byte_map_base: 0xffffffffff670000

Marking Bits: (ParMarkBitMap*) 0x000000005a6f0600
 Begin Bits: [0x0000000004160000, 0x0000000008160000)
 End Bits:   [0x0000000008160000, 0x000000000c160000)

Polling page: 0x0000000001cc0000

CodeCache: size=245760Kb used=12665Kb max_used=12678Kb free=233094Kb
 bounds [0x0000000010040000, 0x0000000010cb0000, 0x000000001f040000]
 total_blobs=2626 nmethods=2355 adapters=183
 compilation: enabled

Compilation events (10 events):
Event: 26.464 Thread 0x000000000e6ee800 nmethod 2831 0x0000000010c88dd0 code [0x0000000010c88f40, 0x0000000010c891a8]
Event: 26.479 Thread 0x000000000e6e4000 2832       4       java.util.concurrent.locks.AbstractQueuedSynchronizer::release (33 bytes)
Event: 26.483 Thread 0x000000000e6e4000 nmethod 2832 0x0000000010ca9490 code [0x0000000010ca9600, 0x0000000010ca9848]
Event: 26.528 Thread 0x000000000e6ed800 2833       4       com.android.dx.dex.cf.AttributeTranslator::getMethodAnnotations (37 bytes)
Event: 26.528 Thread 0x000000000e6e4000 2834       4       com.android.dx.dex.file.EncodedMethod::<init> (68 bytes)
Event: 26.529 Thread 0x000000000e6ee800 2836       3       java.util.concurrent.locks.ReentrantLock$NonfairSync::lock (25 bytes)
Event: 26.530 Thread 0x000000000e6ee800 nmethod 2836 0x0000000010ca8810 code [0x0000000010ca89e0, 0x0000000010ca9218]
Event: 26.532 Thread 0x000000000e6e4000 nmethod 2834 0x0000000010c873d0 code [0x0000000010c87520, 0x0000000010c87738]
Event: 26.532 Thread 0x000000000e6e4000 2835       4       com.android.dx.dex.cf.AttributeTranslator::getParameterAnnotations (69 bytes)
Event: 28.653 Thread 0x000000000e6e4000 nmethod 2835 0x0000000010caa6d0 code [0x0000000010caa860, 0x0000000010caae18]

GC Heap History (10 events):
Event: 21.020 GC heap before
{Heap before GC invocations=19 (full 2):
 PSYoungGen      total 179200K, used 164012K [0x000000076ab00000, 0x0000000777780000, 0x00000007c0000000)
  eden space 155136K, 100% used [0x000000076ab00000,0x0000000774280000,0x0000000774280000)
  from space 24064K, 36% used [0x0000000775b80000,0x000000077642b268,0x0000000777300000)
  to   space 25600K, 0% used [0x0000000774280000,0x0000000774280000,0x0000000775b80000)
 ParOldGen       total 224256K, used 133866K [0x00000006c0000000, 0x00000006cdb00000, 0x000000076ab00000)
  object space 224256K, 59% used [0x00000006c0000000,0x00000006c82ba848,0x00000006cdb00000)
 Metaspace       used 6582K, capacity 7256K, committed 7424K, reserved 1056768K
  class space    used 621K, capacity 656K, committed 768K, reserved 1048576K
Event: 21.139 GC heap after
Heap after GC invocations=19 (full 2):
 PSYoungGen      total 180736K, used 23199K [0x000000076ab00000, 0x0000000777780000, 0x00000007c0000000)
  eden space 155136K, 0% used [0x000000076ab00000,0x000000076ab00000,0x0000000774280000)
  from space 25600K, 90% used [0x0000000774280000,0x0000000775927db0,0x0000000775b80000)
  to   space 24064K, 0% used [0x0000000775b80000,0x0000000775b80000,0x0000000777300000)
 ParOldGen       total 224256K, used 142203K [0x00000006c0000000, 0x00000006cdb00000, 0x000000076ab00000)
  object space 224256K, 63% used [0x00000006c0000000,0x00000006c8adeff8,0x00000006cdb00000)
 Metaspace       used 6582K, capacity 7256K, committed 7424K, reserved 1056768K
  class space    used 621K, capacity 656K, committed 768K, reserved 1048576K
}
Event: 22.536 GC heap before
{Heap before GC invocations=20 (full 2):
 PSYoungGen      total 180736K, used 178335K [0x000000076ab00000, 0x0000000777780000, 0x00000007c0000000)
  eden space 155136K, 100% used [0x000000076ab00000,0x0000000774280000,0x0000000774280000)
  from space 25600K, 90% used [0x0000000774280000,0x0000000775927db0,0x0000000775b80000)
  to   space 24064K, 0% used [0x0000000775b80000,0x0000000775b80000,0x0000000777300000)
 ParOldGen       total 224256K, used 142203K [0x00000006c0000000, 0x00000006cdb00000, 0x000000076ab00000)
  object space 224256K, 63% used [0x00000006c0000000,0x00000006c8adeff8,0x00000006cdb00000)
 Metaspace       used 6588K, capacity 7256K, committed 7424K, reserved 1056768K
  class space    used 621K, capacity 656K, committed 768K, reserved 1048576K
Event: 22.676 GC heap after
Heap after GC invocations=20 (full 2):
 PSYoungGen      total 179200K, used 23392K [0x000000076ab00000, 0x0000000777780000, 0x00000007c0000000)
  eden space 155136K, 0% used [0x000000076ab00000,0x000000076ab00000,0x0000000774280000)
  from space 24064K, 97% used [0x0000000775b80000,0x0000000777258000,0x0000000777300000)
  to   space 25600K, 0% used [0x0000000774280000,0x0000000774280000,0x0000000775b80000)
 ParOldGen       total 224256K, used 164758K [0x00000006c0000000, 0x00000006cdb00000, 0x000000076ab00000)
  object space 224256K, 73% used [0x00000006c0000000,0x00000006ca0e5a30,0x00000006cdb00000)
 Metaspace       used 6588K, capacity 7256K, committed 7424K, reserved 1056768K
  class space    used 621K, capacity 656K, committed 768K, reserved 1048576K
}
Event: 23.391 GC heap before
{Heap before GC invocations=21 (full 2):
 PSYoungGen      total 179200K, used 178528K [0x000000076ab00000, 0x0000000777780000, 0x00000007c0000000)
  eden space 155136K, 100% used [0x000000076ab00000,0x0000000774280000,0x0000000774280000)
  from space 24064K, 97% used [0x0000000775b80000,0x0000000777258000,0x0000000777300000)
  to   space 25600K, 0% used [0x0000000774280000,0x0000000774280000,0x0000000775b80000)
 ParOldGen       total 224256K, used 164758K [0x00000006c0000000, 0x00000006cdb00000, 0x000000076ab00000)
  object space 224256K, 73% used [0x00000006c0000000,0x00000006ca0e5a30,0x00000006cdb00000)
 Metaspace       used 6590K, capacity 7256K, committed 7424K, reserved 1056768K
  class space    used 621K, capacity 656K, committed 768K, reserved 1048576K
Event: 23.467 GC heap after
Heap after GC invocations=21 (full 2):
 PSYoungGen      total 180736K, used 25576K [0x000000076ab00000, 0x0000000777780000, 0x00000007c0000000)
  eden space 155136K, 0% used [0x000000076ab00000,0x000000076ab00000,0x0000000774280000)
  from space 25600K, 99% used [0x0000000774280000,0x0000000775b7a2b0,0x0000000775b80000)
  to   space 24064K, 0% used [0x0000000775b80000,0x0000000775b80000,0x0000000777300000)
 ParOldGen       total 224256K, used 191193K [0x00000006c0000000, 0x00000006cdb00000, 0x000000076ab00000)
  object space 224256K, 85% used [0x00000006c0000000,0x00000006cbab6708,0x00000006cdb00000)
 Metaspace       used 6590K, capacity 7256K, committed 7424K, reserved 1056768K
  class space    used 621K, capacity 656K, committed 768K, reserved 1048576K
}
Event: 26.540 GC heap before
{Heap before GC invocations=22 (full 2):
 PSYoungGen      total 180736K, used 180712K [0x000000076ab00000, 0x0000000777780000, 0x00000007c0000000)
  eden space 155136K, 100% used [0x000000076ab00000,0x0000000774280000,0x0000000774280000)
  from space 25600K, 99% used [0x0000000774280000,0x0000000775b7a2b0,0x0000000775b80000)
  to   space 24064K, 0% used [0x0000000775b80000,0x0000000775b80000,0x0000000777300000)
 ParOldGen       total 224256K, used 191193K [0x00000006c0000000, 0x00000006cdb00000, 0x000000076ab00000)
  object space 224256K, 85% used [0x00000006c0000000,0x00000006cbab6708,0x00000006cdb00000)
 Metaspace       used 6604K, capacity 7256K, committed 7424K, reserved 1056768K
  class space    used 623K, capacity 656K, committed 768K, reserved 1048576K
Event: 26.605 GC heap after
Heap after GC invocations=22 (full 2):
 PSYoungGen      total 162304K, used 23637K [0x000000076ab00000, 0x000000077b180000, 0x00000007c0000000)
  eden space 138240K, 0% used [0x000000076ab00000,0x000000076ab00000,0x0000000773200000)
  from space 24064K, 98% used [0x0000000775b80000,0x0000000777295630,0x0000000777300000)
  to   space 42496K, 0% used [0x0000000773200000,0x0000000773200000,0x0000000775b80000)
 ParOldGen       total 224256K, used 214237K [0x00000006c0000000, 0x00000006cdb00000, 0x000000076ab00000)
  object space 224256K, 95% used [0x00000006c0000000,0x00000006cd137608,0x00000006cdb00000)
 Metaspace       used 6604K, capacity 7256K, committed 7424K, reserved 1056768K
  class space    used 623K, capacity 656K, committed 768K, reserved 1048576K
}
Event: 26.605 GC heap before
{Heap before GC invocations=23 (full 3):
 PSYoungGen      total 162304K, used 23637K [0x000000076ab00000, 0x000000077b180000, 0x00000007c0000000)
  eden space 138240K, 0% used [0x000000076ab00000,0x000000076ab00000,0x0000000773200000)
  from space 24064K, 98% used [0x0000000775b80000,0x0000000777295630,0x0000000777300000)
  to   space 42496K, 0% used [0x0000000773200000,0x0000000773200000,0x0000000775b80000)
 ParOldGen       total 224256K, used 214237K [0x00000006c0000000, 0x00000006cdb00000, 0x000000076ab00000)
  object space 224256K, 95% used [0x00000006c0000000,0x00000006cd137608,0x00000006cdb00000)
 Metaspace       used 6604K, capacity 7256K, committed 7424K, reserved 1056768K
  class space    used 623K, capacity 656K, committed 768K, reserved 1048576K
Event: 28.652 GC heap after
Heap after GC invocations=23 (full 3):
 PSYoungGen      total 162304K, used 11191K [0x000000076ab00000, 0x000000077b180000, 0x00000007c0000000)
  eden space 138240K, 0% used [0x000000076ab00000,0x000000076ab00000,0x0000000773200000)
  from space 24064K, 46% used [0x0000000775b80000,0x000000077666ddb0,0x0000000777300000)
  to   space 42496K, 0% used [0x0000000773200000,0x0000000773200000,0x0000000775b80000)
 ParOldGen       total 224256K, used 224092K [0x00000006c0000000, 0x00000006cdb00000, 0x000000076ab00000)
  object space 224256K, 99% used [0x00000006c0000000,0x00000006cdad72b8,0x00000006cdb00000)
 Metaspace       used 6604K, capacity 7256K, committed 7424K, reserved 1056768K
  class space    used 623K, capacity 656K, committed 768K, reserved 1048576K
}

Deoptimization events (10 events):
Event: 23.322 Thread 0x000000000fbe7000 Uncommon trap: reason=class_check action=maybe_recompile pc=0x00000000108cd32c method=com.android.dx.cf.code.BytecodeArray.parseInstruction(ILcom/android/dx/cf/code/BytecodeArray$Visitor;)I @ 1258
Event: 23.502 Thread 0x000000000fbe7000 Uncommon trap: reason=predicate action=maybe_recompile pc=0x0000000010942dec method=com.android.dx.ssa.DomFront.run()[Lcom/android/dx/ssa/DomFront$DomInfo; @ 175
Event: 23.507 Thread 0x000000000fbe7000 Uncommon trap: reason=class_check action=maybe_recompile pc=0x0000000010933a3c method=com.android.dx.ssa.DomFront.calcDomFronts()V @ 101
Event: 23.507 Thread 0x000000000fbe7000 Uncommon trap: reason=class_check action=maybe_recompile pc=0x0000000010933a3c method=com.android.dx.ssa.DomFront.calcDomFronts()V @ 101
Event: 23.508 Thread 0x000000000fbe7000 Uncommon trap: reason=class_check action=maybe_recompile pc=0x0000000010933a3c method=com.android.dx.ssa.DomFront.calcDomFronts()V @ 101
Event: 23.509 Thread 0x000000000fbe7000 Uncommon trap: reason=class_check action=maybe_recompile pc=0x00000000108af6a0 method=com.android.dx.ssa.SsaConverter.placePhiFunctions(Lcom/android/dx/ssa/SsaMethod;Lcom/android/dx/ssa/LocalVariableInfo;I)V @ 257
Event: 23.512 Thread 0x000000000fbe7000 Uncommon trap: reason=class_check action=maybe_recompile pc=0x000000001088b1f0 method=com.android.dx.ssa.SsaConverter.placePhiFunctions(Lcom/android/dx/ssa/SsaMethod;Lcom/android/dx/ssa/LocalVariableInfo;I)V @ 257
Event: 23.512 Thread 0x000000000fbe7000 Uncommon trap: reason=class_check action=maybe_recompile pc=0x000000001088b1f0 method=com.android.dx.ssa.SsaConverter.placePhiFunctions(Lcom/android/dx/ssa/SsaMethod;Lcom/android/dx/ssa/LocalVariableInfo;I)V @ 257
Event: 24.373 Thread 0x000000000fbe6000 Uncommon trap: reason=bimorphic action=maybe_recompile pc=0x0000000010c2852c method=com.android.dx.cf.code.BytecodeArray.parseInstruction(ILcom/android/dx/cf/code/BytecodeArray$Visitor;)I @ 2554
Event: 24.373 Thread 0x000000000fbe6000 Uncommon trap: reason=bimorphic action=maybe_recompile pc=0x0000000010c2852c method=com.android.dx.cf.code.BytecodeArray.parseInstruction(ILcom/android/dx/cf/code/BytecodeArray$Visitor;)I @ 2554

Internal exceptions (7 events):
Event: 0.049 Thread 0x000000000262e000 Exception <a 'java/lang/NoSuchMethodError': Method sun.misc.Unsafe.defineClass(Ljava/lang/String;[BII)Ljava/lang/Class; name or signature does not match> (0x000000076ab13100) thrown at [D:\re\puppet\workspace\8-2-build-windows-amd64-cygwin\jdk8u73\6086\hot54Ÿ•B©?
Event: 0.049 Thread 0x000000000262e000 Exception <a 'java/lang/NoSuchMethodError': Method sun.misc.Unsafe.prefetchRead(Ljava/lang/Object;J)V name or signature does not match> (0x000000076ab133e8) thrown at [D:\re\puppet\workspace\8-2-build-windows-amd64-cygwin\jdk8u73\6086\hotspot\src\share\vm\JŠÔÒûn@
Event: 2.304 Thread 0x000000000fbe3000 Implicit null exception at 0x00000000103fb862 to 0x00000000103fb95a
Event: 2.566 Thread 0x000000000fbe6000 Exception <a 'java/lang/ArrayIndexOutOfBoundsException': 18> (0x000000076b67fa30) thrown at [D:\re\puppet\workspace\8-2-build-windows-amd64-cygwin\jdk8u73\6086\hotspot\src\share\vm\interpreter\interpreterRuntime.cpp, line 366]
Event: 2.673 Thread 0x000000000fbe6000 Exception <a 'java/lang/ArrayIndexOutOfBoundsException'> (0x000000076bd09060) thrown at [D:\re\puppet\workspace\8-2-build-windows-amd64-cygwin\jdk8u73\6086\hotspot\src\share\vm\runtime\sharedRuntime.cpp, line 605]
Event: 2.674 Thread 0x000000000fbe6000 Exception <a 'java/lang/ArrayIndexOutOfBoundsException'> (0x000000076bd0a348) thrown at [D:\re\puppet\workspace\8-2-build-windows-amd64-cygwin\jdk8u73\6086\hotspot\src\share\vm\runtime\sharedRuntime.cpp, line 605]
Event: 11.761 Thread 0x000000000262e000 Implicit null exception at 0x00000000102e96a2 to 0x00000000102e9c79

Events (10 events):
Event: 23.512 Thread 0x000000000fbe7000 DEOPT PACKING pc=0x000000001088b1f0 sp=0x000000000ed6e970
Event: 23.512 Thread 0x000000000fbe7000 DEOPT UNPACKING pc=0x000000001008582a sp=0x000000000ed6e9b8 mode 2
Event: 24.373 Thread 0x000000000fbe6000 Uncommon trap: trap_request=0xffffffc6 fr.pc=0x0000000010c2852c
Event: 24.373 Thread 0x000000000fbe6000 DEOPT PACKING pc=0x0000000010c2852c sp=0x00000000203ce5b0
Event: 24.373 Thread 0x000000000fbe6000 DEOPT UNPACKING pc=0x000000001008582a sp=0x00000000203ce520 mode 2
Event: 24.373 Thread 0x000000000fbe6000 Uncommon trap: trap_request=0xffffffc6 fr.pc=0x0000000010c2852c
Event: 24.373 Thread 0x000000000fbe6000 DEOPT PACKING pc=0x0000000010c2852c sp=0x00000000203ce460
Event: 24.373 Thread 0x000000000fbe6000 DEOPT UNPACKING pc=0x000000001008582a sp=0x00000000203ce3d0 mode 2
Event: 26.540 Executing VM operation: ParallelGCFailedAllocation
Event: 28.652 Executing VM operation: ParallelGCFailedAllocation done


Dynamic libraries:
0x000000013f520000 - 0x000000013f557000 	C:\Program Files\Java\jdk1.8.0_73\bin\java.exe
0x0000000077a30000 - 0x0000000077bd9000 	C:\Windows\SYSTEM32\ntdll.dll
0x0000000077910000 - 0x0000000077a2f000 	C:\Windows\system32\kernel32.dll
0x000007fefda70000 - 0x000007fefdadb000 	C:\Windows\system32\KERNELBASE.dll
0x000007feffc60000 - 0x000007feffd3b000 	C:\Windows\system32\ADVAPI32.dll
0x000007fefe360000 - 0x000007fefe3ff000 	C:\Windows\system32\msvcrt.dll
0x000007fefe000000 - 0x000007fefe01f000 	C:\Windows\SYSTEM32\sechost.dll
0x000007fefded0000 - 0x000007fefdffd000 	C:\Windows\system32\RPCRT4.dll
0x0000000077810000 - 0x000000007790a000 	C:\Windows\system32\USER32.dll
0x000007feff260000 - 0x000007feff2c7000 	C:\Windows\system32\GDI32.dll
0x000007feff980000 - 0x000007feff98e000 	C:\Windows\system32\LPK.dll
0x000007feff190000 - 0x000007feff259000 	C:\Windows\system32\USP10.dll
0x000007fefbe20000 - 0x000007fefc014000 	C:\Windows\WinSxS\amd64_microsoft.windows.common-controls_6595b64144ccf1df_6.0.7601.17514_none_fa396087175ac9ac\COMCTL32.dll
0x000007fefdbb0000 - 0x000007fefdc21000 	C:\Windows\system32\SHLWAPI.dll
0x000007feff5c0000 - 0x000007feff5ee000 	C:\Windows\system32\IMM32.DLL
0x000007feff4b0000 - 0x000007feff5b9000 	C:\Windows\system32\MSCTF.dll
0x000007fef4230000 - 0x000007fef4253000 	C:\Windows\system32\f_im.dll
0x0000000061000000 - 0x00000000610af000 	C:\Program Files\Fasoo DRM\f_sps.dll
0x000007fefc8e0000 - 0x000007fefc8ec000 	C:\Windows\system32\VERSION.dll
0x000007fefe400000 - 0x000007feff188000 	C:\Windows\system32\SHELL32.dll
0x000007feff5f0000 - 0x000007feff7f3000 	C:\Windows\system32\ole32.dll
0x000007feff8a0000 - 0x000007feff977000 	C:\Windows\system32\OLEAUT32.dll
0x000000006eaa0000 - 0x000000006eacf000 	C:\Windows\WinSxS\amd64_microsoft.vc90.atl_1fc8b3b9a1e18e3b_9.0.30729.5570_none_0a20e83fa767bc68\ATL90.DLL
0x0000000077bf0000 - 0x0000000077bf7000 	C:\Windows\system32\PSAPI.DLL
0x000007fef68f0000 - 0x000007fef6961000 	C:\Windows\system32\winspool.drv
0x0000000010000000 - 0x0000000010033000 	C:\Windows\system32\f_pbrc12.dll
0x000007fefb920000 - 0x000007fefb938000 	C:\Windows\system32\dwmapi.dll
0x000000006b990000 - 0x000000006ba62000 	C:\Program Files\Java\jdk1.8.0_73\jre\bin\msvcr100.dll
0x0000000059ee0000 - 0x000000005a770000 	C:\Program Files\Java\jdk1.8.0_73\jre\bin\server\jvm.dll
0x000007fef93d0000 - 0x000007fef93d9000 	C:\Windows\system32\WSOCK32.dll
0x000007fefde80000 - 0x000007fefdecd000 	C:\Windows\system32\WS2_32.dll
0x000007fefe020000 - 0x000007fefe028000 	C:\Windows\system32\NSI.dll
0x000007fefb520000 - 0x000007fefb55b000 	C:\Windows\system32\WINMM.dll
0x00000000721f0000 - 0x00000000721ff000 	C:\Program Files\Java\jdk1.8.0_73\jre\bin\verify.dll
0x000000006b760000 - 0x000000006b789000 	C:\Program Files\Java\jdk1.8.0_73\jre\bin\java.dll
0x0000000070ea0000 - 0x0000000070eb6000 	C:\Program Files\Java\jdk1.8.0_73\jre\bin\zip.dll
0x000007fefd7f0000 - 0x000007fefd7ff000 	C:\Windows\system32\profapi.dll

VM Arguments:
jvm_args: -Djava.awt.headless=true -Xmx4g -Dfile.encoding=x-windows-949 -Duser.country=KR -Duser.language=ko -Duser.variant 
java_command: com.android.dx.command.Main --dex --num-threads=4 --multi-dex --main-dex-list E:\android\2017\kpopdance\app\build\intermediates\multi-dex\prod\release\maindexlist.txt --output E:\android\2017\kpopdance\app\build\intermediates\transforms\dex\prod\release\folders\1000\1f\main E:\android\2017\kpopdance\app\build\intermediates\transforms\proguard\prod\release\jars\3\1f\main.jar
java_class_path (initial): E:\android\android-sdk_r24.1.2-windows\android-sdk-windows\build-tools\25.0.2\lib\dx.jar
Launcher Type: SUN_STANDARD

Environment Variables:
JAVA_HOME=C:\Program Files\Java\jdk1.8.0_73
CLASSPATH=.;%JAVA_HOME%\lib;C:\Program Files (x86)\QuickTime\QTSystem\QTJava.zip
PATH=C:\ProgramData\Oracle\Java\javapath;C:\Program Files (x86)\Wizvera\Delfino;%JAVA_HOME%\bin;C:\Windows\SysWOW64;C:\Program Files (x86)\QuickTime\QTSystem\;C:\Program Files\Samsung\AllShare Framework DMS\1.3.23\;C:\Program Files\Samsung\AllShare Framework DMS\1.3.23\64bit\;C:\Program Files (x86)\ESTsoft\ALSee\x64
USERNAME=Administrator
OS=Windows_NT
PROCESSOR_IDENTIFIER=Intel64 Family 6 Model 58 Stepping 9, GenuineIntel



---------------  S Y S T E M  ---------------

OS: Windows 7 , 64 bit Build 7601 (6.1.7601.18015)

CPU:total 4 (2 cores per cpu, 2 threads per core) family 6 model 58 stepping 9, cmov, cx8, fxsr, mmx, sse, sse2, sse3, ssse3, sse4.1, sse4.2, popcnt, avx, clmul, erms, ht, tsc, tscinvbit, tscinv

Memory: 4k page, physical 8220872k(133836k free), swap 10046148k(5156k free)

vm_info: Java HotSpot(TM) 64-Bit Server VM (25.73-b02) for windows-amd64 JRE (1.8.0_73-b02), built on Jan 29 2016 17:38:49 by "java_re" with MS VC++ 10.0 (VS2010)

time: Fri Jan 19 23:02:08 2018
elapsed time: 28 seconds (0d 0h 0m 28s)

